29-May-2026 19:52:40.579 INFO [main] org.apache.catalina.startup.VersionLoggerListener.log Server version name:   Apache Tomcat/11.0.22
29-May-2026 19:52:40.589 INFO [main] org.apache.catalina.startup.VersionLoggerListener.log Server built:          May 1 2026 18:29:05 UTC
29-May-2026 19:52:40.591 INFO [main] org.apache.catalina.startup.VersionLoggerListener.log Server version number: 11.0.22.0
29-May-2026 19:52:40.592 INFO [main] org.apache.catalina.startup.VersionLoggerListener.log OS Name:               Windows 11
29-May-2026 19:52:40.592 INFO [main] org.apache.catalina.startup.VersionLoggerListener.log OS Version:            10.0
29-May-2026 19:52:40.593 INFO [main] org.apache.catalina.startup.VersionLoggerListener.log Architecture:          amd64
29-May-2026 19:52:40.593 INFO [main] org.apache.catalina.startup.VersionLoggerListener.log Java Home:             C:\Program Files\Java\jdk-17.0.6
29-May-2026 19:52:40.594 INFO [main] org.apache.catalina.startup.VersionLoggerListener.log JVM Version:           17.0.6+9-LTS-190
29-May-2026 19:52:40.594 INFO [main] org.apache.catalina.startup.VersionLoggerListener.log JVM Vendor:            Oracle Corporation
29-May-2026 19:52:40.595 INFO [main] org.apache.catalina.startup.VersionLoggerListener.log CATALINA_BASE:         C:\Users\Dell\Downloads\apache-tomcat-11.0.22
29-May-2026 19:52:40.595 INFO [main] org.apache.catalina.startup.VersionLoggerListener.log CATALINA_HOME:         C:\Users\Dell\Downloads\apache-tomcat-11.0.22
29-May-2026 19:52:40.610 INFO [main] org.apache.catalina.startup.VersionLoggerListener.log Command line argument: -Djava.util.logging.config.file=C:\Users\Dell\Downloads\apache-tomcat-11.0.22\conf\logging.properties
29-May-2026 19:52:40.610 INFO [main] org.apache.catalina.startup.VersionLoggerListener.log Command line argument: -Djava.util.logging.manager=org.apache.juli.ClassLoaderLogManager
29-May-2026 19:52:40.610 INFO [main] org.apache.catalina.startup.VersionLoggerListener.log Command line argument: -Djdk.tls.ephemeralDHKeySize=2048
29-May-2026 19:52:40.611 INFO [main] org.apache.catalina.startup.VersionLoggerListener.log Command line argument: --add-opens=java.base/java.lang=ALL-UNNAMED
29-May-2026 19:52:40.611 INFO [main] org.apache.catalina.startup.VersionLoggerListener.log Command line argument: --add-opens=java.base/java.lang.reflect=ALL-UNNAMED
29-May-2026 19:52:40.611 INFO [main] org.apache.catalina.startup.VersionLoggerListener.log Command line argument: --add-opens=java.base/java.io=ALL-UNNAMED
29-May-2026 19:52:40.611 INFO [main] org.apache.catalina.startup.VersionLoggerListener.log Command line argument: --add-opens=java.base/java.util=ALL-UNNAMED
29-May-2026 19:52:40.611 INFO [main] org.apache.catalina.startup.VersionLoggerListener.log Command line argument: --add-opens=java.base/java.util.concurrent=ALL-UNNAMED
29-May-2026 19:52:40.611 INFO [main] org.apache.catalina.startup.VersionLoggerListener.log Command line argument: --add-opens=java.rmi/sun.rmi.transport=ALL-UNNAMED
29-May-2026 19:52:40.612 INFO [main] org.apache.catalina.startup.VersionLoggerListener.log Command line argument: --enable-native-access=ALL-UNNAMED
29-May-2026 19:52:40.612 INFO [main] org.apache.catalina.startup.VersionLoggerListener.log Command line argument: -Dcatalina.base=C:\Users\Dell\Downloads\apache-tomcat-11.0.22
29-May-2026 19:52:40.612 INFO [main] org.apache.catalina.startup.VersionLoggerListener.log Command line argument: -Dcatalina.home=C:\Users\Dell\Downloads\apache-tomcat-11.0.22
29-May-2026 19:52:40.612 INFO [main] org.apache.catalina.startup.VersionLoggerListener.log Command line argument: -Djava.io.tmpdir=C:\Users\Dell\Downloads\apache-tomcat-11.0.22\temp
29-May-2026 19:52:40.623 INFO [main] org.apache.catalina.core.AprLifecycleListener.lifecycleEvent Loaded Apache Tomcat Native library [2.0.14] using APR version [1.7.6].
29-May-2026 19:52:40.646 INFO [main] org.apache.catalina.core.AprLifecycleListener.initializeSSL OpenSSL successfully initialized [OpenSSL 3.5.5 27 Jan 2026]
29-May-2026 19:52:40.943 INFO [main] org.apache.coyote.AbstractProtocol.init Initializing ProtocolHandler ["http-nio-8080"]
29-May-2026 19:52:40.995 INFO [main] org.apache.catalina.startup.Catalina.load Server initialization in [682] milliseconds
29-May-2026 19:52:41.091 INFO [main] org.apache.catalina.core.StandardService.startInternal Starting service [Catalina]
29-May-2026 19:52:41.092 INFO [main] org.apache.catalina.core.StandardEngine.startInternal Starting Servlet engine: [Apache Tomcat/11.0.22]
29-May-2026 19:52:41.141 INFO [main] org.apache.catalina.startup.HostConfig.deployWAR Deploying web application archive [C:\Users\Dell\Downloads\apache-tomcat-11.0.22\webapps\ORSV0.war]
29-May-2026 19:52:44.518 INFO [main] org.apache.jasper.servlet.TldScanner.scanJars At least one JAR was scanned for TLDs yet contained no TLDs. Enable debug logging for this logger for a complete list of JARs that were scanned but no TLDs were found in them. Skipping unneeded JARs during scanning can improve startup time and JSP compilation time.
29-May-2026 19:52:44.639 INFO [main] org.apache.catalina.startup.HostConfig.deployWAR Deployment of web application archive [C:\Users\Dell\Downloads\apache-tomcat-11.0.22\webapps\ORSV0.war] has finished in [3,498] ms
29-May-2026 19:52:44.641 INFO [main] org.apache.catalina.startup.HostConfig.deployDirectory Deploying web application directory [C:\Users\Dell\Downloads\apache-tomcat-11.0.22\webapps\docs]
29-May-2026 19:52:44.703 INFO [main] org.apache.catalina.startup.HostConfig.deployDirectory Deployment of web application directory [C:\Users\Dell\Downloads\apache-tomcat-11.0.22\webapps\docs] has finished in [62] ms
29-May-2026 19:52:44.705 INFO [main] org.apache.catalina.startup.HostConfig.deployDirectory Deploying web application directory [C:\Users\Dell\Downloads\apache-tomcat-11.0.22\webapps\examples]
29-May-2026 19:52:45.483 INFO [main] org.apache.catalina.startup.HostConfig.deployDirectory Deployment of web application directory [C:\Users\Dell\Downloads\apache-tomcat-11.0.22\webapps\examples] has finished in [777] ms
29-May-2026 19:52:45.485 INFO [main] org.apache.catalina.startup.HostConfig.deployDirectory Deploying web application directory [C:\Users\Dell\Downloads\apache-tomcat-11.0.22\webapps\host-manager]
29-May-2026 19:52:45.559 INFO [main] org.apache.catalina.startup.HostConfig.deployDirectory Deployment of web application directory [C:\Users\Dell\Downloads\apache-tomcat-11.0.22\webapps\host-manager] has finished in [73] ms
29-May-2026 19:52:45.561 INFO [main] org.apache.catalina.startup.HostConfig.deployDirectory Deploying web application directory [C:\Users\Dell\Downloads\apache-tomcat-11.0.22\webapps\manager]
29-May-2026 19:52:45.617 INFO [main] org.apache.catalina.startup.HostConfig.deployDirectory Deployment of web application directory [C:\Users\Dell\Downloads\apache-tomcat-11.0.22\webapps\manager] has finished in [57] ms
29-May-2026 19:52:45.619 INFO [main] org.apache.catalina.startup.HostConfig.deployDirectory Deploying web application directory [C:\Users\Dell\Downloads\apache-tomcat-11.0.22\webapps\ROOT]
29-May-2026 19:52:45.669 INFO [main] org.apache.catalina.startup.HostConfig.deployDirectory Deployment of web application directory [C:\Users\Dell\Downloads\apache-tomcat-11.0.22\webapps\ROOT] has finished in [49] ms
29-May-2026 19:52:45.677 INFO [main] org.apache.coyote.AbstractProtocol.start Starting ProtocolHandler ["http-nio-8080"]
29-May-2026 19:52:45.759 INFO [main] org.apache.catalina.startup.Catalina.start Server startup in [4763] milliseconds
