15-May-2026 16:02:40.658 INFO [main] org.apache.catalina.core.ApplicationContext.log ContextListener: contextInitialized()
15-May-2026 16:02:40.659 INFO [main] org.apache.catalina.core.ApplicationContext.log SessionListener: contextInitialized()
15-May-2026 16:02:40.663 INFO [main] org.apache.catalina.core.ApplicationContext.log ContextListener: attributeAdded('StockTicker', 'async.Stockticker@1fecfaea')
15-May-2026 16:05:53.998 INFO [Thread-1] org.apache.catalina.core.ApplicationContext.log SessionListener: contextDestroyed()
15-May-2026 16:05:53.998 INFO [Thread-1] org.apache.catalina.core.ApplicationContext.log ContextListener: contextDestroyed()
15-May-2026 16:06:20.616 INFO [main] org.apache.catalina.core.ApplicationContext.log ContextListener: contextInitialized()
15-May-2026 16:06:20.616 INFO [main] org.apache.catalina.core.ApplicationContext.log SessionListener: contextInitialized()
15-May-2026 16:06:20.621 INFO [main] org.apache.catalina.core.ApplicationContext.log ContextListener: attributeAdded('StockTicker', 'async.Stockticker@122635ef')
15-May-2026 16:07:30.067 INFO [Thread-1] org.apache.catalina.core.ApplicationContext.log SessionListener: contextDestroyed()
15-May-2026 16:07:30.067 INFO [Thread-1] org.apache.catalina.core.ApplicationContext.log ContextListener: contextDestroyed()
15-May-2026 16:10:53.472 INFO [main] org.apache.catalina.core.ApplicationContext.log ContextListener: contextInitialized()
15-May-2026 16:10:53.474 INFO [main] org.apache.catalina.core.ApplicationContext.log SessionListener: contextInitialized()
15-May-2026 16:10:53.482 INFO [main] org.apache.catalina.core.ApplicationContext.log ContextListener: attributeAdded('StockTicker', 'async.Stockticker@13ed066e')
15-May-2026 16:10:54.512 SEVERE [http-nio-8080-exec-1] org.apache.catalina.core.StandardWrapperValve.invoke Servlet.service() for servlet [jsp] in context with path [/ORSV0] threw exception [org.apache.jasper.JasperException: /jsp/Footer.jsp (line: [1], column: [2]) Page directive: illegal to have multiple occurrences of 'contentType' with different values (old: [text/html; charset=UTF-8], new: [text/html; charset=ISO-8859-1])] with root cause
	org.apache.jasper.JasperException: /jsp/Footer.jsp (line: [1], column: [2]) Page directive: illegal to have multiple occurrences of 'contentType' with different values (old: [text/html; charset=UTF-8], new: [text/html; charset=ISO-8859-1])
		at org.apache.jasper.compiler.DefaultErrorHandler.jspError(DefaultErrorHandler.java:29)
		at org.apache.jasper.compiler.ErrorDispatcher.dispatch(ErrorDispatcher.java:265)
		at org.apache.jasper.compiler.ErrorDispatcher.jspError(ErrorDispatcher.java:102)
		at org.apache.jasper.compiler.Validator$DirectiveVisitor.visit(Validator.java:122)
		at org.apache.jasper.compiler.Node$PageDirective.accept(Node.java:537)
		at org.apache.jasper.compiler.Node$Nodes.visit(Node.java:2148)
		at org.apache.jasper.compiler.Node$Visitor.visitBody(Node.java:2204)
		at org.apache.jasper.compiler.Node$Visitor.visit(Node.java:2210)
		at org.apache.jasper.compiler.Node$Root.accept(Node.java:432)
		at org.apache.jasper.compiler.Node$Nodes.visit(Node.java:2148)
		at org.apache.jasper.compiler.Node$Visitor.visitBody(Node.java:2204)
		at org.apache.jasper.compiler.Validator$DirectiveVisitor.visit(Validator.java:91)
		at org.apache.jasper.compiler.Node$IncludeDirective.accept(Node.java:595)
		at org.apache.jasper.compiler.Node$Nodes.visit(Node.java:2148)
		at org.apache.jasper.compiler.Node$Visitor.visitBody(Node.java:2204)
		at org.apache.jasper.compiler.Node$Visitor.visit(Node.java:2210)
		at org.apache.jasper.compiler.Node$Root.accept(Node.java:432)
		at org.apache.jasper.compiler.Node$Nodes.visit(Node.java:2148)
		at org.apache.jasper.compiler.Validator.validateDirectives(Validator.java:1546)
		at org.apache.jasper.compiler.Compiler.generateJava(Compiler.java:186)
		at org.apache.jasper.compiler.Compiler.compile(Compiler.java:362)
		at org.apache.jasper.compiler.Compiler.compile(Compiler.java:340)
		at org.apache.jasper.compiler.Compiler.compile(Compiler.java:326)
		at org.apache.jasper.JspCompilationContext.compile(JspCompilationContext.java:585)
		at org.apache.jasper.servlet.JspServletWrapper.service(JspServletWrapper.java:368)
		at org.apache.jasper.servlet.JspServlet.serviceJspFile(JspServlet.java:330)
		at org.apache.jasper.servlet.JspServlet.service(JspServlet.java:281)
		at jakarta.servlet.http.HttpServlet.service(HttpServlet.java:710)
		at org.apache.catalina.core.ApplicationFilterChain.doFilter(ApplicationFilterChain.java:128)
		at org.apache.tomcat.websocket.server.WsFilter.doFilter(WsFilter.java:53)
		at org.apache.catalina.core.ApplicationFilterChain.doFilter(ApplicationFilterChain.java:107)
		at com.sunilos.p4.ctl.PerformanceMonitorFilter.doFilter(PerformanceMonitorFilter.java:42)
		at org.apache.catalina.core.ApplicationFilterChain.doFilter(ApplicationFilterChain.java:107)
		at com.sunilos.p4.ctl.LanguageFilter.doFilter(LanguageFilter.java:48)
		at org.apache.catalina.core.ApplicationFilterChain.doFilter(ApplicationFilterChain.java:107)
		at org.apache.catalina.core.StandardWrapperValve.invoke(StandardWrapperValve.java:165)
		at org.apache.catalina.core.StandardContextValve.invoke(StandardContextValve.java:77)
		at org.apache.catalina.authenticator.AuthenticatorBase.invoke(AuthenticatorBase.java:492)
		at org.apache.catalina.core.StandardHostValve.invoke(StandardHostValve.java:113)
		at org.apache.catalina.valves.ErrorReportValve.invoke(ErrorReportValve.java:83)
		at org.apache.catalina.valves.AbstractAccessLogValve.invoke(AbstractAccessLogValve.java:782)
		at org.apache.catalina.core.StandardEngineValve.invoke(StandardEngineValve.java:72)
		at org.apache.catalina.connector.CoyoteAdapter.service(CoyoteAdapter.java:341)
		at org.apache.coyote.http11.Http11Processor.service(Http11Processor.java:397)
		at org.apache.coyote.AbstractProcessorLight.process(AbstractProcessorLight.java:63)
		at org.apache.coyote.AbstractProtocol$ConnectionHandler.process(AbstractProtocol.java:1272)
		at org.apache.tomcat.util.net.NioEndpoint$SocketProcessor.doRun(NioEndpoint.java:1801)
		at org.apache.tomcat.util.net.SocketProcessorBase.run(SocketProcessorBase.java:52)
		at org.apache.tomcat.util.threads.ThreadPoolExecutor.runWorker(ThreadPoolExecutor.java:946)
		at org.apache.tomcat.util.threads.ThreadPoolExecutor$Worker.run(ThreadPoolExecutor.java:480)
		at org.apache.tomcat.util.threads.TaskThread$WrappingRunnable.run(TaskThread.java:57)
		at java.base/java.lang.Thread.run(Thread.java:833)
15-May-2026 16:11:15.784 INFO [Thread-1] org.apache.catalina.core.ApplicationContext.log SessionListener: contextDestroyed()
15-May-2026 16:11:15.784 INFO [Thread-1] org.apache.catalina.core.ApplicationContext.log ContextListener: contextDestroyed()
15-May-2026 16:11:49.519 INFO [main] org.apache.catalina.core.ApplicationContext.log ContextListener: contextInitialized()
15-May-2026 16:11:49.521 INFO [main] org.apache.catalina.core.ApplicationContext.log SessionListener: contextInitialized()
15-May-2026 16:11:49.526 INFO [main] org.apache.catalina.core.ApplicationContext.log ContextListener: attributeAdded('StockTicker', 'async.Stockticker@2ac519dc')
15-May-2026 16:12:53.477 INFO [Thread-1] org.apache.catalina.core.ApplicationContext.log SessionListener: contextDestroyed()
15-May-2026 16:12:53.477 INFO [Thread-1] org.apache.catalina.core.ApplicationContext.log ContextListener: contextDestroyed()
15-May-2026 16:13:26.334 INFO [main] org.apache.catalina.core.ApplicationContext.log ContextListener: contextInitialized()
15-May-2026 16:13:26.335 INFO [main] org.apache.catalina.core.ApplicationContext.log SessionListener: contextInitialized()
15-May-2026 16:13:26.342 INFO [main] org.apache.catalina.core.ApplicationContext.log ContextListener: attributeAdded('StockTicker', 'async.Stockticker@2ac519dc')
15-May-2026 16:14:12.151 INFO [Thread-1] org.apache.catalina.core.ApplicationContext.log SessionListener: contextDestroyed()
15-May-2026 16:14:12.151 INFO [Thread-1] org.apache.catalina.core.ApplicationContext.log ContextListener: contextDestroyed()
15-May-2026 16:14:45.913 INFO [main] org.apache.catalina.core.ApplicationContext.log ContextListener: contextInitialized()
15-May-2026 16:14:45.913 INFO [main] org.apache.catalina.core.ApplicationContext.log SessionListener: contextInitialized()
15-May-2026 16:14:45.919 INFO [main] org.apache.catalina.core.ApplicationContext.log ContextListener: attributeAdded('StockTicker', 'async.Stockticker@322e49ee')
15-May-2026 16:15:26.838 INFO [Thread-1] org.apache.catalina.core.ApplicationContext.log SessionListener: contextDestroyed()
15-May-2026 16:15:26.839 INFO [Thread-1] org.apache.catalina.core.ApplicationContext.log ContextListener: contextDestroyed()
15-May-2026 16:16:24.840 INFO [main] org.apache.catalina.core.ApplicationContext.log ContextListener: contextInitialized()
15-May-2026 16:16:24.841 INFO [main] org.apache.catalina.core.ApplicationContext.log SessionListener: contextInitialized()
15-May-2026 16:16:24.853 INFO [main] org.apache.catalina.core.ApplicationContext.log ContextListener: attributeAdded('StockTicker', 'async.Stockticker@33f2cfda')
15-May-2026 16:40:50.386 INFO [Thread-1] org.apache.catalina.core.ApplicationContext.log SessionListener: contextDestroyed()
15-May-2026 16:40:50.386 INFO [Thread-1] org.apache.catalina.core.ApplicationContext.log ContextListener: contextDestroyed()
